Arguments: 
  C:\Program Files\nodejs\node.exe C:\Users\Administrator\AppData\Roaming\npm\node_modules\yarn\bin\yarn.js

PATH: 
  C:\Windows\system32;C:\Windows;C:\Windows\System32\Wbem;C:\Windows\System32\WindowsPowerShell\v1.0\;C:\Windows\System32\OpenSSH\;C:\Program Files\nodejs\;D:\phpstudy_pro\Extensions\php\php7.2.9nts;C:\ProgramData\ComposerSetup\bin;C:\Program Files\Git\cmd;D:\Program Files\TortoiseGit\bin;C:\Program Files\Java\jdk1.8.0_241\bin;C:\Users\Administrator\Downloads\flutter_windows_v1.12.13+hotfix.9-stable\flutter\bin;C:\Program Files (x86)\Common Files\Oracle\Java\javapath;C:\Program Files\MySQL\MySQL Server 8.0\bin;C:\Users\Administrator\AppData\Local\Microsoft\WindowsApps;;C:\Users\Administrator\AppData\Local\Programs\Microsoft VS Code\bin;C:\Users\Administrator\AppData\Roaming\npm;C:\Users\Administrator\AppData\Roaming\Composer\vendor\bin

Yarn version: 
  1.19.1

Node version: 
  10.16.3

Platform: 
  win32 x64

Trace: 
  Error: getaddrinfo ENOENT raw.githubusercontent.com raw.githubusercontent.com:443
      at GetAddrInfoReqWrap.onlookup [as oncomplete] (dns.js:56:26)

npm manifest: 
  {
    "name": "movie-api",
    "version": "1.0.0",
    "description": "",
    "main": "index.js",
    "scripts": {
      "test": "echo \"Error: no test specified\" && exit 1"
    },
    "author": "",
    "license": "ISC",
    "devDependencies": {
      "koa": "^2.13.0",
      "koa-better-body": "^3.3.9",
      "koa-convert": "^1.2.0",
      "koa-cors": "0.0.16",
      "koa-ejs": "^4.3.0",
      "koa-mysql": "^1.0.3",
      "koa-router": "^9.1.0",
      "koa-session": "^6.0.0",
      "koa-static-cache": "^5.1.3",
      "mysql-pro": "^1.0.1"
    }
  }

yarn manifest: 
  No manifest

Lockfile: 
  No lockfile
